1587045143.759349 client started (16207): version 2.6, socket /tmp/tmux-1000/default, protocol 8
1587045143.759404 on Linux 5.3.0-46-generic #38~18.04.1-Ubuntu SMP Tue Mar 31 04:17:56 UTC 2020; libevent 2.1.8-stable (poll)
1587045143.759449 socket is /tmp/tmux-1000/default
1587045143.759470 trying connect
1587045143.759611 add peer 0x558dff977260: 6 ((nil))
1587045143.759733 sending message 100 to peer 0x558dff977260 (4 bytes)
1587045143.759752 sending message 101 to peer 0x558dff977260 (7 bytes)
1587045143.759766 sending message 102 to peer 0x558dff977260 (11 bytes)
1587045143.759779 sending message 108 to peer 0x558dff977260 (67 bytes)
1587045143.759795 sending message 104 to peer 0x558dff977260 (0 bytes)
1587045143.759809 sending message 107 to peer 0x558dff977260 (4 bytes)
1587045143.759823 sending message 105 to peer 0x558dff977260 (22 bytes)
1587045143.759837 sending message 105 to peer 0x558dff977260 (29 bytes)
1587045143.759850 sending message 105 to peer 0x558dff977260 (1516 bytes)
1587045143.759882 sending message 105 to peer 0x558dff977260 (34 bytes)
1587045143.759896 sending message 105 to peer 0x558dff977260 (23 bytes)
1587045143.759909 sending message 105 to peer 0x558dff977260 (11 bytes)
1587045143.759923 sending message 105 to peer 0x558dff977260 (11 bytes)
1587045143.759936 sending message 105 to peer 0x558dff977260 (23 bytes)
1587045143.759949 sending message 105 to peer 0x558dff977260 (41 bytes)
1587045143.759962 sending message 105 to peer 0x558dff977260 (20 bytes)
1587045143.759974 sending message 105 to peer 0x558dff977260 (14 bytes)
1587045143.759987 sending message 105 to peer 0x558dff977260 (19 bytes)
1587045143.760000 sending message 105 to peer 0x558dff977260 (11 bytes)
1587045143.760012 sending message 105 to peer 0x558dff977260 (41 bytes)
1587045143.760024 sending message 105 to peer 0x558dff977260 (14 bytes)
1587045143.760035 sending message 105 to peer 0x558dff977260 (17 bytes)
1587045143.760048 sending message 105 to peer 0x558dff977260 (15 bytes)
1587045143.760061 sending message 105 to peer 0x558dff977260 (41 bytes)
1587045143.760074 sending message 105 to peer 0x558dff977260 (17 bytes)
1587045143.760087 sending message 105 to peer 0x558dff977260 (18 bytes)
1587045143.760101 sending message 105 to peer 0x558dff977260 (33 bytes)
1587045143.760115 sending message 105 to peer 0x558dff977260 (86 bytes)
1587045143.760128 sending message 105 to peer 0x558dff977260 (71 bytes)
1587045143.760142 sending message 105 to peer 0x558dff977260 (21 bytes)
1587045143.760155 sending message 105 to peer 0x558dff977260 (21 bytes)
1587045143.760167 sending message 105 to peer 0x558dff977260 (19 bytes)
1587045143.760179 sending message 105 to peer 0x558dff977260 (19 bytes)
1587045143.760192 sending message 105 to peer 0x558dff977260 (36 bytes)
1587045143.760204 sending message 105 to peer 0x558dff977260 (21 bytes)
1587045143.760217 sending message 105 to peer 0x558dff977260 (103 bytes)
1587045143.760230 sending message 105 to peer 0x558dff977260 (45 bytes)
1587045143.760243 sending message 105 to peer 0x558dff977260 (24 bytes)
1587045143.760255 sending message 105 to peer 0x558dff977260 (28 bytes)
1587045143.760268 sending message 105 to peer 0x558dff977260 (13 bytes)
1587045143.760280 sending message 105 to peer 0x558dff977260 (17 bytes)
1587045143.760293 sending message 105 to peer 0x558dff977260 (12 bytes)
1587045143.760306 sending message 105 to peer 0x558dff977260 (16 bytes)
1587045143.760318 sending message 105 to peer 0x558dff977260 (17 bytes)
1587045143.760330 sending message 105 to peer 0x558dff977260 (20 bytes)
1587045143.760341 sending message 105 to peer 0x558dff977260 (18 bytes)
1587045143.760353 sending message 105 to peer 0x558dff977260 (56 bytes)
1587045143.760366 sending message 105 to peer 0x558dff977260 (48 bytes)
1587045143.760379 sending message 105 to peer 0x558dff977260 (52 bytes)
1587045143.760391 sending message 105 to peer 0x558dff977260 (30 bytes)
1587045143.760402 sending message 105 to peer 0x558dff977260 (13 bytes)
1587045143.760415 sending message 105 to peer 0x558dff977260 (15 bytes)
1587045143.760440 sending message 105 to peer 0x558dff977260 (8 bytes)
1587045143.760452 sending message 105 to peer 0x558dff977260 (18 bytes)
1587045143.760463 sending message 105 to peer 0x558dff977260 (36 bytes)
1587045143.760483 sending message 105 to peer 0x558dff977260 (44 bytes)
1587045143.760496 sending message 105 to peer 0x558dff977260 (18 bytes)
1587045143.760508 sending message 105 to peer 0x558dff977260 (54 bytes)
1587045143.760521 sending message 105 to peer 0x558dff977260 (31 bytes)
1587045143.760534 sending message 105 to peer 0x558dff977260 (41 bytes)
1587045143.760546 sending message 105 to peer 0x558dff977260 (63 bytes)
1587045143.760559 sending message 105 to peer 0x558dff977260 (264 bytes)
1587045143.760572 sending message 105 to peer 0x558dff977260 (33 bytes)
1587045143.760585 sending message 105 to peer 0x558dff977260 (82 bytes)
1587045143.760599 sending message 105 to peer 0x558dff977260 (32 bytes)
1587045143.760611 sending message 105 to peer 0x558dff977260 (19 bytes)
1587045143.760624 sending message 105 to peer 0x558dff977260 (16 bytes)
1587045143.760637 sending message 105 to peer 0x558dff977260 (16 bytes)
1587045143.760650 sending message 106 to peer 0x558dff977260 (0 bytes)
1587045143.760664 sending message 200 to peer 0x558dff977260 (4 bytes)
1587045143.760675 client loop enter
1587045143.761369 peer 0x558dff977260 message 211
1587045143.761406 peer 0x558dff977260 message 203
1587045143.761419 client loop exit
